<?xml version="1.0" encoding="utf-8"?><testsuites><testsuite name="pytest" errors="0" failures="0" skipped="0" tests="4" time="0.033" timestamp="2022-09-22T19:38:26.426082" hostname="michelly-Latitude-3490"><testcase classname="tests.test_example" name="test_quando_validate_multiplos_recebe_1_retorna_1" time="0.001" /><testcase classname="tests.test_example" name="test_quando_validate_multiplos_recebe_2_retorna_2" time="0.000" /><testcase classname="tests.test_example" name="test_quando_validate_multiplos_recebe_3_retorna_multiplo_3" time="0.001" /><testcase classname="tests.test_example" name="test_quando_validate_multiplos_recebe_5_retorna_multiplo_5" time="0.001" /></testsuite></testsuites>